<?xml version="1.0" encoding="UTF-8"?>
<coverage generated="1687979404175" clover="3.2.0">
  <project timestamp="1687979404176" name="All files">
    <metrics statements="9" coveredstatements="9" conditionals="22" coveredconditionals="17" methods="5" coveredmethods="5" elements="36" coveredelements="31" complexity="0" loc="9" ncloc="9" packages="1" files="2" classes="2"/>
    <file name="commentshow.js" path="C:\Users\ansar\OneDrive\Documents\GitHub\Capstone-Js\src\js\module\popup\commentshow.js">
      <metrics statements="1" coveredstatements="1" conditionals="0" coveredconditionals="0" methods="1" coveredmethods="1"/>
      <line num="1" count="1" type="stmt"/>
    </file>
    <file name="popupWindow.js" path="C:\Users\ansar\OneDrive\Documents\GitHub\Capstone-Js\src\js\module\popup\popupWindow.js">
      <metrics statements="8" coveredstatements="8" conditionals="22" coveredconditionals="17" methods="4" coveredmethods="4"/>
      <line num="3" count="1" type="stmt"/>
      <line num="4" count="1" type="stmt"/>
      <line num="5" count="3" type="stmt"/>
      <line num="6" count="3" type="stmt"/>
      <line num="8" count="1" type="stmt"/>
      <line num="9" count="3" type="stmt"/>
      <line num="12" count="1" type="stmt"/>
      <line num="23" count="1" type="stmt"/>
    </file>
  </project>
</coverage>
