{"C:\\Users\\ansar\\OneDrive\\Documents\\GitHub\\Capstone-Js\\src\\js\\module\\popup\\commentshow.js": {"path":"C:\\Users\\ansar\\OneDrive\\Documents\\GitHub\\Capstone-Js\\src\\js\\module\\popup\\commentshow.js","statementMap":{"0":{"start":{"line":1,"column":28},"end":{"line":5,"column":1}},"1":{"start":{"line":1,"column":39},"end":{"line":5,"column":1}}},"fnMap":{"0":{"name":"(anonymous_0)","decl":{"start":{"line":1,"column":28},"end":{"line":1,"column":29}},"loc":{"start":{"line":1,"column":39},"end":{"line":5,"column":1}},"line":1}},"branchMap":{},"s":{"0":1,"1":1},"f":{"0":1},"b":{},"_coverageSchema":"1a1c01bbd47fc00a2c39e90264f33305004495a9","hash":"dbb0f8484f64760b820175c13182a609d5f9eef4"}
,"C:\\Users\\ansar\\OneDrive\\Documents\\GitHub\\Capstone-Js\\src\\js\\module\\popup\\popupWindow.js": {"path":"C:\\Users\\ansar\\OneDrive\\Documents\\GitHub\\Capstone-Js\\src\\js\\module\\popup\\popupWindow.js","statementMap":{"0":{"start":{"line":3,"column":29},"end":{"line":48,"column":1}},"1":{"start":{"line":4,"column":25},"end":{"line":6,"column":39}},"2":{"start":{"line":5,"column":39},"end":{"line":5,"column":62}},"3":{"start":{"line":6,"column":19},"end":{"line":6,"column":38}},"4":{"start":{"line":8,"column":23},"end":{"line":10,"column":13}},"5":{"start":{"line":9,"column":20},"end":{"line":9,"column":48}},"6":{"start":{"line":12,"column":26},"end":{"line":21,"column":3}},"7":{"start":{"line":23,"column":2},"end":{"line":47,"column":4}}},"fnMap":{"0":{"name":"(anonymous_0)","decl":{"start":{"line":3,"column":29},"end":{"line":3,"column":30}},"loc":{"start":{"line":3,"column":49},"end":{"line":48,"column":1}},"line":3},"1":{"name":"(anonymous_1)","decl":{"start":{"line":5,"column":28},"end":{"line":5,"column":29}},"loc":{"start":{"line":5,"column":39},"end":{"line":5,"column":62}},"line":5},"2":{"name":"(anonymous_2)","decl":{"start":{"line":6,"column":8},"end":{"line":6,"column":9}},"loc":{"start":{"line":6,"column":19},"end":{"line":6,"column":38}},"line":6},"3":{"name":"(anonymous_3)","decl":{"start":{"line":9,"column":9},"end":{"line":9,"column":10}},"loc":{"start":{"line":9,"column":20},"end":{"line":9,"column":48}},"line":9}},"branchMap":{"0":{"loc":{"start":{"line":27,"column":8},"end":{"line":29,"column":14}},"type":"cond-expr","locations":[{"start":{"line":28,"column":12},"end":{"line":28,"column":76}},{"start":{"line":29,"column":12},"end":{"line":29,"column":14}}],"line":27},"1":{"loc":{"start":{"line":27,"column":8},"end":{"line":27,"column":26}},"type":"binary-expr","locations":[{"start":{"line":27,"column":8},"end":{"line":27,"column":12}},{"start":{"line":27,"column":16},"end":{"line":27,"column":26}}],"line":27},"2":{"loc":{"start":{"line":31,"column":36},"end":{"line":31,"column":70}},"type":"cond-expr","locations":[{"start":{"line":31,"column":56},"end":{"line":31,"column":65}},{"start":{"line":31,"column":68},"end":{"line":31,"column":70}}],"line":31},"3":{"loc":{"start":{"line":31,"column":36},"end":{"line":31,"column":53}},"type":"binary-expr","locations":[{"start":{"line":31,"column":36},"end":{"line":31,"column":40}},{"start":{"line":31,"column":44},"end":{"line":31,"column":53}}],"line":31},"4":{"loc":{"start":{"line":33,"column":8},"end":{"line":33,"column":46}},"type":"cond-expr","locations":[{"start":{"line":33,"column":30},"end":{"line":33,"column":41}},{"start":{"line":33,"column":44},"end":{"line":33,"column":46}}],"line":33},"5":{"loc":{"start":{"line":33,"column":8},"end":{"line":33,"column":27}},"type":"binary-expr","locations":[{"start":{"line":33,"column":8},"end":{"line":33,"column":12}},{"start":{"line":33,"column":16},"end":{"line":33,"column":27}}],"line":33},"6":{"loc":{"start":{"line":36,"column":8},"end":{"line":36,"column":74}},"type":"cond-expr","locations":[{"start":{"line":36,"column":52},"end":{"line":36,"column":69}},{"start":{"line":36,"column":72},"end":{"line":36,"column":74}}],"line":36},"7":{"loc":{"start":{"line":36,"column":8},"end":{"line":36,"column":49}},"type":"binary-expr","locations":[{"start":{"line":36,"column":8},"end":{"line":36,"column":12}},{"start":{"line":36,"column":16},"end":{"line":36,"column":28}},{"start":{"line":36,"column":32},"end":{"line":36,"column":49}}],"line":36},"8":{"loc":{"start":{"line":39,"column":8},"end":{"line":41,"column":14}},"type":"cond-expr","locations":[{"start":{"line":40,"column":12},"end":{"line":40,"column":33}},{"start":{"line":41,"column":12},"end":{"line":41,"column":14}}],"line":39},"9":{"loc":{"start":{"line":39,"column":8},"end":{"line":39,"column":53}},"type":"binary-expr","locations":[{"start":{"line":39,"column":8},"end":{"line":39,"column":12}},{"start":{"line":39,"column":16},"end":{"line":39,"column":28}},{"start":{"line":39,"column":32},"end":{"line":39,"column":53}}],"line":39}},"s":{"0":1,"1":1,"2":3,"3":3,"4":1,"5":3,"6":1,"7":1},"f":{"0":1,"1":3,"2":3,"3":3},"b":{"0":[1,0],"1":[1,1],"2":[1,0],"3":[1,1],"4":[1,0],"5":[1,1],"6":[1,0],"7":[1,1,1],"8":[1,0],"9":[1,1,1]},"_coverageSchema":"1a1c01bbd47fc00a2c39e90264f33305004495a9","hash":"751c6970cab2ecf67af479fcc594dd6458ecb330"}
}
