{"C:\\Users\\ansar\\OneDrive\\Documents\\GitHub\\Capstone-Js\\src\\js\\module\\popup\\commentshow.js": {"path":"C:\\Users\\ansar\\OneDrive\\Documents\\GitHub\\Capstone-Js\\src\\js\\module\\popup\\commentshow.js","statementMap":{"0":{"start":{"line":1,"column":28},"end":{"line":5,"column":1}},"1":{"start":{"line":1,"column":41},"end":{"line":5,"column":1}}},"fnMap":{"0":{"name":"(anonymous_0)","decl":{"start":{"line":1,"column":28},"end":{"line":1,"column":29}},"loc":{"start":{"line":1,"column":41},"end":{"line":5,"column":1}},"line":1}},"branchMap":{},"s":{"0":1,"1":1},"f":{"0":1},"b":{},"_coverageSchema":"1a1c01bbd47fc00a2c39e90264f33305004495a9","hash":"a74b3459a2c2b5c8d2dc33571d6344432f7e7cbc"}
,"C:\\Users\\ansar\\OneDrive\\Documents\\GitHub\\Capstone-Js\\src\\js\\module\\popup\\popupWindow.js": {"path":"C:\\Users\\ansar\\OneDrive\\Documents\\GitHub\\Capstone-Js\\src\\js\\module\\popup\\popupWindow.js","statementMap":{"0":{"start":{"line":3,"column":29},"end":{"line":48,"column":1}},"1":{"start":{"line":4,"column":25},"end":{"line":6,"column":41}},"2":{"start":{"line":5,"column":41},"end":{"line":5,"column":64}},"3":{"start":{"line":6,"column":21},"end":{"line":6,"column":40}},"4":{"start":{"line":8,"column":23},"end":{"line":10,"column":13}},"5":{"start":{"line":9,"column":22},"end":{"line":9,"column":50}},"6":{"start":{"line":12,"column":26},"end":{"line":21,"column":3}},"7":{"start":{"line":23,"column":2},"end":{"line":47,"column":4}}},"fnMap":{"0":{"name":"(anonymous_0)","decl":{"start":{"line":3,"column":29},"end":{"line":3,"column":30}},"loc":{"start":{"line":3,"column":49},"end":{"line":48,"column":1}},"line":3},"1":{"name":"(anonymous_1)","decl":{"start":{"line":5,"column":28},"end":{"line":5,"column":29}},"loc":{"start":{"line":5,"column":41},"end":{"line":5,"column":64}},"line":5},"2":{"name":"(anonymous_2)","decl":{"start":{"line":6,"column":8},"end":{"line":6,"column":9}},"loc":{"start":{"line":6,"column":21},"end":{"line":6,"column":40}},"line":6},"3":{"name":"(anonymous_3)","decl":{"start":{"line":9,"column":9},"end":{"line":9,"column":10}},"loc":{"start":{"line":9,"column":22},"end":{"line":9,"column":50}},"line":9}},"branchMap":{"0":{"loc":{"start":{"line":27,"column":2},"end":{"line":29,"column":8}},"type":"cond-expr","locations":[{"start":{"line":28,"column":6},"end":{"line":28,"column":70}},{"start":{"line":29,"column":6},"end":{"line":29,"column":8}}],"line":27},"1":{"loc":{"start":{"line":27,"column":2},"end":{"line":27,"column":20}},"type":"binary-expr","locations":[{"start":{"line":27,"column":2},"end":{"line":27,"column":6}},{"start":{"line":27,"column":10},"end":{"line":27,"column":20}}],"line":27},"2":{"loc":{"start":{"line":31,"column":36},"end":{"line":31,"column":70}},"type":"cond-expr","locations":[{"start":{"line":31,"column":56},"end":{"line":31,"column":65}},{"start":{"line":31,"column":68},"end":{"line":31,"column":70}}],"line":31},"3":{"loc":{"start":{"line":31,"column":36},"end":{"line":31,"column":53}},"type":"binary-expr","locations":[{"start":{"line":31,"column":36},"end":{"line":31,"column":40}},{"start":{"line":31,"column":44},"end":{"line":31,"column":53}}],"line":31},"4":{"loc":{"start":{"line":33,"column":2},"end":{"line":33,"column":40}},"type":"cond-expr","locations":[{"start":{"line":33,"column":24},"end":{"line":33,"column":35}},{"start":{"line":33,"column":38},"end":{"line":33,"column":40}}],"line":33},"5":{"loc":{"start":{"line":33,"column":2},"end":{"line":33,"column":21}},"type":"binary-expr","locations":[{"start":{"line":33,"column":2},"end":{"line":33,"column":6}},{"start":{"line":33,"column":10},"end":{"line":33,"column":21}}],"line":33},"6":{"loc":{"start":{"line":36,"column":2},"end":{"line":36,"column":68}},"type":"cond-expr","locations":[{"start":{"line":36,"column":46},"end":{"line":36,"column":63}},{"start":{"line":36,"column":66},"end":{"line":36,"column":68}}],"line":36},"7":{"loc":{"start":{"line":36,"column":2},"end":{"line":36,"column":43}},"type":"binary-expr","locations":[{"start":{"line":36,"column":2},"end":{"line":36,"column":6}},{"start":{"line":36,"column":10},"end":{"line":36,"column":22}},{"start":{"line":36,"column":26},"end":{"line":36,"column":43}}],"line":36},"8":{"loc":{"start":{"line":39,"column":2},"end":{"line":41,"column":8}},"type":"cond-expr","locations":[{"start":{"line":40,"column":6},"end":{"line":40,"column":27}},{"start":{"line":41,"column":6},"end":{"line":41,"column":8}}],"line":39},"9":{"loc":{"start":{"line":39,"column":2},"end":{"line":39,"column":47}},"type":"binary-expr","locations":[{"start":{"line":39,"column":2},"end":{"line":39,"column":6}},{"start":{"line":39,"column":10},"end":{"line":39,"column":22}},{"start":{"line":39,"column":26},"end":{"line":39,"column":47}}],"line":39}},"s":{"0":1,"1":1,"2":3,"3":3,"4":1,"5":3,"6":1,"7":1},"f":{"0":1,"1":3,"2":3,"3":3},"b":{"0":[1,0],"1":[1,1],"2":[1,0],"3":[1,1],"4":[1,0],"5":[1,1],"6":[1,0],"7":[1,1,1],"8":[1,0],"9":[1,1,1]},"_coverageSchema":"1a1c01bbd47fc00a2c39e90264f33305004495a9","hash":"9c9b64d30568492ba1112ce570e1bb70872534d2"}
}
